#
# There is insufficient memory for the Java Runtime Environment to continue.
# Native memory allocation (malloc) failed to allocate 32744 bytes for ChunkPool::allocate
# Possible reasons:
#   The system is out of physical RAM or swap space
#   The process is running with CompressedOops enabled, and the Java Heap may be blocking the growth of the native heap
# Possible solutions:
#   Reduce memory load on the system
#   Increase physical memory or swap space
#   Check if swap backing store is full
#   Decrease Java heap size (-Xmx/-Xms)
#   Decrease number of Java threads
#   Decrease Java thread stack sizes (-Xss)
#   Set larger code cache with -XX:ReservedCodeCacheSize=
#   JVM is running with Unscaled Compressed Oops mode in which the Java heap is
#     placed in the first 4GB address space. The Java Heap base address is the
#     maximum limit for the native heap growth. Please use -XX:HeapBaseMinAddress
#     to set the Java Heap base and to place the Java Heap above 4GB virtual address.
# This output file may be truncated or incomplete.
#
#  Out of Memory Error (allocation.cpp:272), pid=6612, tid=0x0000000000001a14
#
# JRE version: OpenJDK Runtime Environment (8.0_242-b01) (build 1.8.0_242-release-1644-b01)
# Java VM: OpenJDK 64-Bit Server VM (25.242-b01 mixed mode windows-amd64 compressed oops)
# Failed to write core dump. Minidumps are not enabled by default on client versions of Windows
#

---------------  T H R E A D  ---------------

Current thread (0x000000001334b000):  JavaThread "C2 CompilerThread0" daemon [_thread_in_native, id=6676, stack(0x0000000013a50000,0x0000000013b50000)]

Stack: [0x0000000013a50000,0x0000000013b50000]
[error occurred during error reporting (printing stack bounds), id 0xc0000005]

Native frames: (J=compiled Java code, j=interpreted, Vv=VM code, C=native code)


Current CompileTask:
C2:  36195 5429   !   4       com.sun.beans.TypeResolver::resolve (274 bytes)


---------------  P R O C E S S  ---------------

Java Threads: ( => current thread )
  0x0000000014f61000 JavaThread "Cache worker for Build Output Cleanup Cache (C:\Users\admin\AndroidStudioProjects\PictureBook3\.gradle\buildOutputCleanup)" [_thread_blocked, id=7064, stack(0x000000001c310000,0x000000001c410000)]
  0x0000000014f5e800 JavaThread "Build operations" [_thread_blocked, id=7044, stack(0x000000001bc10000,0x000000001bd10000)]
  0x0000000014657800 JavaThread "Cache worker for execution history cache (C:\Users\admin\.gradle\caches\6.1.1\executionHistory)" [_thread_blocked, id=6780, stack(0x000000001ab10000,0x000000001ac10000)]
  0x0000000014653800 JavaThread "Cache worker for cache directory md-rule (C:\Users\admin\.gradle\caches\6.1.1\md-rule)" [_thread_blocked, id=6776, stack(0x000000001aa10000,0x000000001ab10000)]
  0x0000000014656800 JavaThread "Cache worker for cache directory md-supplier (C:\Users\admin\.gradle\caches\6.1.1\md-supplier)" [_thread_blocked, id=6768, stack(0x000000001a910000,0x000000001aa10000)]
  0x0000000014656000 JavaThread "Cache worker for file hash cache (C:\Users\admin\AndroidStudioProjects\PictureBook3\.gradle\6.1.1\fileHashes)" [_thread_blocked, id=6760, stack(0x0000000019440000,0x0000000019540000)]
  0x0000000014659800 JavaThread "Cache worker for checksums cache (C:\Users\admin\AndroidStudioProjects\PictureBook3\.gradle\checksums)" [_thread_blocked, id=6756, stack(0x0000000019340000,0x0000000019440000)]
  0x0000000014654800 JavaThread "Cache worker for file hash cache (C:\Users\admin\.gradle\caches\6.1.1\fileHashes)" [_thread_blocked, id=6752, stack(0x0000000019040000,0x0000000019140000)]
  0x0000000014655000 JavaThread "File lock request listener" [_thread_in_native, id=6748, stack(0x0000000018f40000,0x0000000019040000)]
  0x0000000015989000 JavaThread "Cache worker for journal cache (C:\Users\admin\.gradle\caches\journal-1)" [_thread_blocked, id=6744, stack(0x0000000018e40000,0x0000000018f40000)]
  0x0000000015693000 JavaThread "Thread-9" [_thread_blocked, id=6740, stack(0x0000000016ba0000,0x0000000016ca0000)]
  0x000000001568e000 JavaThread "Stdin handler" [_thread_blocked, id=6736, stack(0x0000000016aa0000,0x0000000016ba0000)]
  0x000000001568d000 JavaThread "Asynchronous log dispatcher for DefaultDaemonConnection: socket connection from /127.0.0.1:49773 to /127.0.0.1:49774" [_thread_blocked, id=6732, stack(0x00000000169a0000,0x0000000016aa0000)]
  0x0000000015687000 JavaThread "Daemon worker" [_thread_in_Java, id=6720, stack(0x00000000168a0000,0x00000000169a0000)]
  0x0000000015681000 JavaThread "Cancel handler" [_thread_blocked, id=6716, stack(0x00000000167a0000,0x00000000168a0000)]
  0x000000001565b000 JavaThread "Handler for socket connection from /127.0.0.1:49773 to /127.0.0.1:49774" [_thread_in_native, id=6712, stack(0x00000000164a0000,0x00000000165a0000)]
  0x0000000015658000 JavaThread "Daemon periodic checks" [_thread_blocked, id=6708, stack(0x00000000163a0000,0x00000000164a0000)]
  0x000000001564f800 JavaThread "Daemon" [_thread_blocked, id=6704, stack(0x00000000162a0000,0x00000000163a0000)]
  0x00000000155ef800 JavaThread "Incoming local TCP Connector on port 49773" [_thread_in_native, id=6700, stack(0x0000000016060000,0x0000000016160000)]
  0x0000000015578800 JavaThread "Daemon health stats" [_thread_blocked, id=6692, stack(0x0000000015a20000,0x0000000015b20000)]
  0x00000000133a7000 JavaThread "Service Thread" daemon [_thread_blocked, id=6684, stack(0x0000000013c50000,0x0000000013d50000)]
  0x0000000013365800 JavaThread "C1 CompilerThread1" daemon [_thread_blocked, id=6680, stack(0x0000000013b50000,0x0000000013c50000)]
=>0x000000001334b000 JavaThread "C2 CompilerThread0" daemon [_thread_in_native, id=6676, stack(0x0000000013a50000,0x0000000013b50000)]
  0x0000000013347800 JavaThread "Attach Listener" daemon [_thread_blocked, id=6672, stack(0x0000000013950000,0x0000000013a50000)]
  0x0000000013345000 JavaThread "Signal Dispatcher" daemon [_thread_blocked, id=6668, stack(0x0000000013850000,0x0000000013950000)]
  0x000000001332a000 JavaThread "Finalizer" daemon [_thread_blocked, id=6664, stack(0x0000000013650000,0x0000000013750000)]
  0x0000000013320000 JavaThread "Reference Handler" daemon [_thread_blocked, id=6660, stack(0x0000000013550000,0x0000000013650000)]
  0x0000000002ecd800 JavaThread "main" [_thread_blocked, id=6652, stack(0x0000000002d80000,0x0000000002e80000)]

Other Threads:
  0x00000000132fa000 VMThread [stack: 0x0000000013450000,0x0000000013550000] [id=6656]
  0x00000000133a9000 WatcherThread [stack: 0x0000000013d50000,0x0000000013e50000] [id=6688]

VM state:not at safepoint (normal execution)

VM Mutex/Monitor currently owned by a thread: None

heap address: 0x0000000080000000, size: 2048 MB, Compressed Oops mode: 32-bit
Narrow klass base: 0x0000000000000000, Narrow klass shift: 3
Compressed class space size: 1073741824 Address: 0x0000000100000000

Heap:
 def new generation   total 13056K, used 12868K [0x0000000080000000, 0x0000000080e20000, 0x00000000aaaa0000)
  eden space 11648K,  98% used [0x0000000080000000, 0x0000000080b310f8, 0x0000000080b60000)
  from space 1408K, 100% used [0x0000000080cc0000, 0x0000000080e20000, 0x0000000080e20000)
  to   space 1408K,   0% used [0x0000000080b60000, 0x0000000080b60000, 0x0000000080cc0000)
 tenured generation   total 28648K, used 28376K [0x00000000aaaa0000, 0x00000000ac69a000, 0x0000000100000000)
   the space 28648K,  99% used [0x00000000aaaa0000, 0x00000000ac6561e0, 0x00000000ac656200, 0x00000000ac69a000)
 Metaspace       used 55457K, capacity 57220K, committed 57392K, reserved 1099776K
  class space    used 7241K, capacity 7632K, committed 7728K, reserved 1048576K

Card table byte_map: [0x0000000012390000,0x00000000127a0000] byte_map_base: 0x0000000011f90000

Polling page: 0x0000000001290000

CodeCache: size=245760Kb used=16913Kb max_used=17128Kb free=228846Kb
 bounds [0x0000000002fd0000, 0x00000000040a0000, 0x0000000011fd0000]
 total_blobs=5628 nmethods=4833 adapters=706
 compilation: enabled

Compilation events (10 events):
Event: 35.567 Thread 0x000000001334b000 nmethod 5424 0x0000000003199a50 code [0x0000000003199ba0, 0x0000000003199cd8]
Event: 35.625 Thread 0x000000001334b000 5425       4       java.lang.reflect.Method::getGenericInfo (27 bytes)
Event: 35.630 Thread 0x000000001334b000 nmethod 5425 0x000000000350d790 code [0x000000000350d920, 0x000000000350dd88]
Event: 35.634 Thread 0x000000001334b000 5426  s!   4       java.beans.PropertyDescriptor::getReadMethod (175 bytes)
Event: 35.649 Thread 0x000000001334b000 nmethod 5426 0x00000000035d6ad0 code [0x00000000035d6c80, 0x00000000035d78b8]
Event: 35.651 Thread 0x0000000013365800 5427       3       java.beans.Introspector::isAssignable (27 bytes)
Event: 35.652 Thread 0x0000000013365800 nmethod 5427 0x000000000316bbd0 code [0x000000000316bd40, 0x000000000316c000]
Event: 35.653 Thread 0x0000000013365800 5428       3       java.beans.FeatureDescriptor::<init> (69 bytes)
Event: 35.654 Thread 0x0000000013365800 nmethod 5428 0x0000000003a43210 code [0x0000000003a433e0, 0x0000000003a43c70]
Event: 35.654 Thread 0x000000001334b000 5429   !   4       com.sun.beans.TypeResolver::resolve (274 bytes)

GC Heap History (10 events):
Event: 32.115 GC heap before
{Heap before GC invocations=60 (full 3):
 def new generation   total 11776K, used 11775K [0x0000000080000000, 0x0000000080cc0000, 0x00000000aaaa0000)
  eden space 10496K, 100% used [0x0000000080000000, 0x0000000080a40000, 0x0000000080a40000)
  from space 1280K,  99% used [0x0000000080b80000, 0x0000000080cbfff8, 0x0000000080cc0000)
  to   space 1280K,   0% used [0x0000000080a40000, 0x0000000080a40000, 0x0000000080b80000)
 tenured generation   total 25816K, used 25508K [0x00000000aaaa0000, 0x00000000ac3d6000, 0x0000000100000000)
   the space 25816K,  98% used [0x00000000aaaa0000, 0x00000000ac3891d0, 0x00000000ac389200, 0x00000000ac3d6000)
 Metaspace       used 49687K, capacity 51394K, committed 51504K, reserved 1093632K
  class space    used 6562K, capacity 6930K, committed 6960K, reserved 1048576K
Event: 32.217 GC heap after
Heap after GC invocations=61 (full 4):
 def new generation   total 12288K, used 0K [0x0000000080000000, 0x0000000080d50000, 0x00000000aaaa0000)
  eden space 10944K,   0% used [0x0000000080000000, 0x0000000080000000, 0x0000000080ab0000)
  from space 1344K,   0% used [0x0000000080ab0000, 0x0000000080ab0000, 0x0000000080c00000)
  to   space 1344K,   0% used [0x0000000080c00000, 0x0000000080c00000, 0x0000000080d50000)
 tenured generation   total 26920K, used 25025K [0x00000000aaaa0000, 0x00000000ac4ea000, 0x0000000100000000)
   the space 26920K,  92% used [0x00000000aaaa0000, 0x00000000ac310728, 0x00000000ac310800, 0x00000000ac4ea000)
 Metaspace       used 49687K, capacity 51394K, committed 51504K, reserved 1093632K
  class space    used 6562K, capacity 6930K, committed 6960K, reserved 1048576K
}
Event: 33.213 GC heap before
{Heap before GC invocations=61 (full 4):
 def new generation   total 12288K, used 10944K [0x0000000080000000, 0x0000000080d50000, 0x00000000aaaa0000)
  eden space 10944K, 100% used [0x0000000080000000, 0x0000000080ab0000, 0x0000000080ab0000)
  from space 1344K,   0% used [0x0000000080ab0000, 0x0000000080ab0000, 0x0000000080c00000)
  to   space 1344K,   0% used [0x0000000080c00000, 0x0000000080c00000, 0x0000000080d50000)
 tenured generation   total 26920K, used 25025K [0x00000000aaaa0000, 0x00000000ac4ea000, 0x0000000100000000)
   the space 26920K,  92% used [0x00000000aaaa0000, 0x00000000ac310728, 0x00000000ac310800, 0x00000000ac4ea000)
 Metaspace       used 50724K, capacity 52532K, committed 52784K, reserved 1095680K
  class space    used 6703K, capacity 7093K, committed 7216K, reserved 1048576K
Event: 33.218 GC heap after
Heap after GC invocations=62 (full 4):
 def new generation   total 12288K, used 1343K [0x0000000080000000, 0x0000000080d50000, 0x00000000aaaa0000)
  eden space 10944K,   0% used [0x0000000080000000, 0x0000000080000000, 0x0000000080ab0000)
  from space 1344K,  99% used [0x0000000080c00000, 0x0000000080d4fff0, 0x0000000080d50000)
  to   space 1344K,   0% used [0x0000000080ab0000, 0x0000000080ab0000, 0x0000000080c00000)
 tenured generation   total 26920K, used 25692K [0x00000000aaaa0000, 0x00000000ac4ea000, 0x0000000100000000)
   the space 26920K,  95% used [0x00000000aaaa0000, 0x00000000ac3b7320, 0x00000000ac3b7400, 0x00000000ac4ea000)
 Metaspace       used 50724K, capacity 52532K, committed 52784K, reserved 1095680K
  class space    used 6703K, capacity 7093K, committed 7216K, reserved 1048576K
}
Event: 33.640 GC heap before
{Heap before GC invocations=62 (full 4):
 def new generation   total 12288K, used 12287K [0x0000000080000000, 0x0000000080d50000, 0x00000000aaaa0000)
  eden space 10944K, 100% used [0x0000000080000000, 0x0000000080ab0000, 0x0000000080ab0000)
  from space 1344K,  99% used [0x0000000080c00000, 0x0000000080d4fff0, 0x0000000080d50000)
  to   space 1344K,   0% used [0x0000000080ab0000, 0x0000000080ab0000, 0x0000000080c00000)
 tenured generation   total 26920K, used 25692K [0x00000000aaaa0000, 0x00000000ac4ea000, 0x0000000100000000)
   the space 26920K,  95% used [0x00000000aaaa0000, 0x00000000ac3b7320, 0x00000000ac3b7400, 0x00000000ac4ea000)
 Metaspace       used 51368K, capacity 53088K, committed 53552K, reserved 1095680K
  class space    used 6764K, capacity 7127K, committed 7216K, reserved 1048576K
Event: 33.908 GC heap after
Heap after GC invocations=63 (full 5):
 def new generation   total 12480K, used 1169K [0x0000000080000000, 0x0000000080d80000, 0x00000000aaaa0000)
  eden space 11136K,  10% used [0x0000000080000000, 0x0000000080124678, 0x0000000080ae0000)
  from space 1344K,   0% used [0x0000000080ae0000, 0x0000000080ae0000, 0x0000000080c30000)
  to   space 1344K,   0% used [0x0000000080c30000, 0x0000000080c30000, 0x0000000080d80000)
 tenured generation   total 27304K, used 27303K [0x00000000aaaa0000, 0x00000000ac54a000, 0x0000000100000000)
   the space 27304K,  99% used [0x00000000aaaa0000, 0x00000000ac549fe0, 0x00000000ac54a000, 0x00000000ac54a000)
 Metaspace       used 51368K, capacity 53088K, committed 53552K, reserved 1095680K
  class space    used 6764K, capacity 7127K, committed 7216K, reserved 1048576K
}
Event: 34.681 GC heap before
{Heap before GC invocations=63 (full 5):
 def new generation   total 12480K, used 11136K [0x0000000080000000, 0x0000000080d80000, 0x00000000aaaa0000)
  eden space 11136K, 100% used [0x0000000080000000, 0x0000000080ae0000, 0x0000000080ae0000)
  from space 1344K,   0% used [0x0000000080ae0000, 0x0000000080ae0000, 0x0000000080c30000)
  to   space 1344K,   0% used [0x0000000080c30000, 0x0000000080c30000, 0x0000000080d80000)
 tenured generation   total 27304K, used 27303K [0x00000000aaaa0000, 0x00000000ac54a000, 0x0000000100000000)
   the space 27304K,  99% used [0x00000000aaaa0000, 0x00000000ac549fe0, 0x00000000ac54a000, 0x00000000ac54a000)
 Metaspace       used 53582K, capacity 55436K, committed 55856K, reserved 1097728K
  class space    used 7006K, capacity 7413K, committed 7472K, reserved 1048576K
Event: 34.820 GC heap after
Heap after GC invocations=64 (full 6):
 def new generation   total 13056K, used 0K [0x0000000080000000, 0x0000000080e20000, 0x00000000aaaa0000)
  eden space 11648K,   0% used [0x0000000080000000, 0x0000000080000000, 0x0000000080b60000)
  from space 1408K,   0% used [0x0000000080b60000, 0x0000000080b60000, 0x0000000080cc0000)
  to   space 1408K,   0% used [0x0000000080cc0000, 0x0000000080cc0000, 0x0000000080e20000)
 tenured generation   total 28648K, used 28050K [0x00000000aaaa0000, 0x00000000ac69a000, 0x0000000100000000)
   the space 28648K,  97% used [0x00000000aaaa0000, 0x00000000ac604a58, 0x00000000ac604c00, 0x00000000ac69a000)
 Metaspace       used 53582K, capacity 55436K, committed 55856K, reserved 1097728K
  class space    used 7006K, capacity 7413K, committed 7472K, reserved 1048576K
}
Event: 35.331 GC heap before
{Heap before GC invocations=64 (full 6):
 def new generation   total 13056K, used 11648K [0x0000000080000000, 0x0000000080e20000, 0x00000000aaaa0000)
  eden space 11648K, 100% used [0x0000000080000000, 0x0000000080b60000, 0x0000000080b60000)
  from space 1408K,   0% used [0x0000000080b60000, 0x0000000080b60000, 0x0000000080cc0000)
  to   space 1408K,   0% used [0x0000000080cc0000, 0x0000000080cc0000, 0x0000000080e20000)
 tenured generation   total 28648K, used 28050K [0x00000000aaaa0000, 0x00000000ac69a000, 0x0000000100000000)
   the space 28648K,  97% used [0x00000000aaaa0000, 0x00000000ac604a58, 0x00000000ac604c00, 0x00000000ac69a000)
 Metaspace       used 54946K, capacity 56788K, committed 57136K, reserved 1099776K
  class space    used 7165K, capacity 7597K, committed 7728K, reserved 1048576K
Event: 35.337 GC heap after
Heap after GC invocations=65 (full 6):
 def new generation   total 13056K, used 1408K [0x0000000080000000, 0x0000000080e20000, 0x00000000aaaa0000)
  eden space 11648K,   0% used [0x0000000080000000, 0x0000000080000000, 0x0000000080b60000)
  from space 1408K, 100% used [0x0000000080cc0000, 0x0000000080e20000, 0x0000000080e20000)
  to   space 1408K,   0% used [0x0000000080b60000, 0x0000000080b60000, 0x0000000080cc0000)
 tenured generation   total 28648K, used 28376K [0x00000000aaaa0000, 0x00000000ac69a000, 0x0000000100000000)
   the space 28648K,  99% used [0x00000000aaaa0000, 0x00000000ac6561e0, 0x00000000ac656200, 0x00000000ac69a000)
 Metaspace       used 54946K, capacity 56788K, committed 57136K, reserved 1099776K
  class space    used 7165K, capacity 7597K, committed 7728K, reserved 1048576K
}

Deoptimization events (10 events):
Event: 34.508 Thread 0x0000000015687000 Uncommon trap: reason=unstable_if action=reinterpret pc=0x00000000040475d0 method=com.sun.org.apache.xerces.internal.impl.XMLEntityScanner.skipSpaces()Z @ 72
Event: 34.642 Thread 0x0000000015687000 Uncommon trap: reason=unstable_if action=reinterpret pc=0x0000000003e70bb0 method=org.gradle.internal.instantiation.generator.AbstractClassGenerator$InjectionAnnotationValidator.validateMethod(Ljava/lang/reflect/Method;Lorg/gradle/internal/reflect/Propert
Event: 34.642 Thread 0x0000000015687000 Uncommon trap: reason=unstable_if action=reinterpret pc=0x0000000003e6aa10 method=org.gradle.internal.instantiation.generator.AbstractClassGenerator$InjectionAnnotationValidator.validateMethod(Ljava/lang/reflect/Method;Lorg/gradle/internal/reflect/Propert
Event: 35.042 Thread 0x0000000015687000 Uncommon trap: reason=unstable_if action=reinterpret pc=0x00000000031b2ed4 method=java.lang.String.replace(CC)Ljava/lang/String; @ 2
Event: 35.053 Thread 0x0000000015687000 Uncommon trap: reason=unstable_if action=reinterpret pc=0x0000000003bdd3c8 method=org.codehaus.groovy.runtime.metaclass.MetaMethodIndex.copyNonPrivateNonNewMetaMethods(Lorg/codehaus/groovy/runtime/metaclass/MetaMethodIndex$Entry;Lorg/codehaus/groovy/runti
Event: 35.055 Thread 0x0000000015687000 Uncommon trap: reason=unstable_if action=reinterpret pc=0x0000000003bca674 method=groovy.lang.MetaClassImpl$1MOPIter.methodNameAction(Ljava/lang/Class;Lorg/codehaus/groovy/runtime/metaclass/MetaMethodIndex$Entry;)V @ 182
Event: 35.205 Thread 0x0000000015687000 Uncommon trap: reason=unstable_if action=reinterpret pc=0x0000000003a0ce54 method=org.gradle.internal.service.DefaultServiceRegistry$OwnServices.getService(Ljava/lang/reflect/Type;)Lorg/gradle/internal/service/Service; @ 27
Event: 35.305 Thread 0x0000000015687000 Uncommon trap: reason=unstable_if action=reinterpret pc=0x00000000033ab8a4 method=java.lang.String.lastIndexOf([CII[CIII)I @ 17
Event: 35.305 Thread 0x0000000015687000 Uncommon trap: reason=unstable_if action=reinterpret pc=0x0000000003b1531c method=sun.net.www.protocol.jar.Handler.parseURL(Ljava/net/URL;Ljava/lang/String;II)V @ 116
Event: 35.338 Thread 0x0000000015687000 Uncommon trap: reason=unstable_if action=reinterpret pc=0x0000000003553a48 method=java.util.concurrent.ConcurrentHashMap.putVal(Ljava/lang/Object;Ljava/lang/Object;Z)Ljava/lang/Object; @ 195

Classes redefined (0 events):
No events

Internal exceptions (10 events):
Event: 35.619 Thread 0x0000000015687000 Exception <a 'java/lang/ClassNotFoundException': com/android/build/gradle/AppExtensionBeanInfo> (0x00000000807f0820) thrown at [C:\src\AOSP-openjdk-git\hotspot\src\share\vm\classfile\systemDictionary.cpp, line 210]
Event: 35.620 Thread 0x0000000015687000 Exception <a 'java/lang/ClassNotFoundException': com/android/build/gradle/AbstractAppExtensionBeanInfo> (0x000000008080dab8) thrown at [C:\src\AOSP-openjdk-git\hotspot\src\share\vm\classfile\systemDictionary.cpp, line 210]
Event: 35.620 Thread 0x0000000015687000 Exception <a 'java/lang/ClassNotFoundException': com/android/build/gradle/TestedExtensionBeanInfo> (0x0000000080829120) thrown at [C:\src\AOSP-openjdk-git\hotspot\src\share\vm\classfile\systemDictionary.cpp, line 210]
Event: 35.620 Thread 0x0000000015687000 Exception <a 'java/lang/ClassNotFoundException': com/android/build/gradle/BaseExtensionBeanInfo> (0x00000000808438d0) thrown at [C:\src\AOSP-openjdk-git\hotspot\src\share\vm\classfile\systemDictionary.cpp, line 210]
Event: 35.621 Thread 0x0000000015687000 Exception <a 'java/lang/ClassNotFoundException': com/android/build/gradle/BaseExtensionCustomizer> (0x000000008085ee70) thrown at [C:\src\AOSP-openjdk-git\hotspot\src\share\vm\classfile\systemDictionary.cpp, line 210]
Event: 35.624 Thread 0x0000000015687000 Exception <a 'java/lang/ClassNotFoundException': com/android/build/gradle/TestedExtensionCustomizer> (0x00000000808f4e40) thrown at [C:\src\AOSP-openjdk-git\hotspot\src\share\vm\classfile\systemDictionary.cpp, line 210]
Event: 35.631 Thread 0x0000000015687000 Exception <a 'java/lang/ClassNotFoundException': com/android/build/gradle/AbstractAppExtensionCustomizer> (0x000000008092f050) thrown at [C:\src\AOSP-openjdk-git\hotspot\src\share\vm\classfile\systemDictionary.cpp, line 210]
Event: 35.632 Thread 0x0000000015687000 Exception <a 'java/lang/ClassNotFoundException': com/android/build/gradle/AppExtensionCustomizer> (0x0000000080962b48) thrown at [C:\src\AOSP-openjdk-git\hotspot\src\share\vm\classfile\systemDictionary.cpp, line 210]
Event: 35.633 Thread 0x0000000015687000 Exception <a 'java/lang/ClassNotFoundException': com/android/build/gradle/internal/dsl/BaseAppModuleExtensionCustomizer> (0x000000008099b6d0) thrown at [C:\src\AOSP-openjdk-git\hotspot\src\share\vm\classfile\systemDictionary.cpp, line 210]
Event: 35.652 Thread 0x0000000015687000 Exception <a 'java/lang/ClassNotFoundException': com/android/build/gradle/internal/dsl/BaseAppModuleExtension_DecoratedCustomizer> (0x0000000080a57f98) thrown at [C:\src\AOSP-openjdk-git\hotspot\src\share\vm\classfile\systemDictionary.cpp, line 210]

Events (10 events):
Event: 35.632 loading class com/android/build/gradle/AppExtensionCustomizer
Event: 35.632 loading class com/android/build/gradle/AppExtensionCustomizer done
Event: 35.632 loading class com/android/build/gradle/internal/dsl/BaseAppModuleExtensionCustomizer
Event: 35.632 loading class com/android/build/gradle/internal/dsl/BaseAppModuleExtensionCustomizer done
Event: 35.633 loading class com/android/build/gradle/internal/dsl/BaseAppModuleExtensionCustomizer
Event: 35.633 loading class com/android/build/gradle/internal/dsl/BaseAppModuleExtensionCustomizer done
Event: 35.652 loading class com/android/build/gradle/internal/dsl/BaseAppModuleExtension_DecoratedCustomizer
Event: 35.652 loading class com/android/build/gradle/internal/dsl/BaseAppModuleExtension_DecoratedCustomizer done
Event: 35.652 loading class com/android/build/gradle/internal/dsl/BaseAppModuleExtension_DecoratedCustomizer
Event: 35.652 loading class com/android/build/gradle/internal/dsl/BaseAppModuleExtension_DecoratedCustomizer done


Dynamic libraries:
0x00007ff7b85a0000 - 0x00007ff7b85d1000 	C:\Program Files\Android\Android Studio\jre\bin\java.exe
0x00007ffaaa1a0000 - 0x00007ffaaa390000 	C:\Windows\SYSTEM32\ntdll.dll
0x00007ffaaa0a0000 - 0x00007ffaaa152000 	C:\Windows\System32\KERNEL32.DLL
0x00007ffaa7470000 - 0x00007ffaa7714000 	C:\Windows\System32\KERNELBASE.dll
0x00007ffaa91c0000 - 0x00007ffaa9263000 	C:\Windows\System32\ADVAPI32.dll
0x00007ffaa9e60000 - 0x00007ffaa9efe000 	C:\Windows\System32\msvcrt.dll
0x00007ffaa9d20000 - 0x00007ffaa9db7000 	C:\Windows\System32\sechost.dll
0x00007ffaa93e0000 - 0x00007ffaa9500000 	C:\Windows\System32\RPCRT4.dll
0x00007ffaa9f00000 - 0x00007ffaaa094000 	C:\Windows\System32\USER32.dll
0x00007ffaa7340000 - 0x00007ffaa7361000 	C:\Windows\System32\win32u.dll
0x00007ffaa9dc0000 - 0x00007ffaa9de6000 	C:\Windows\System32\GDI32.dll
0x00007ffaa7180000 - 0x00007ffaa7316000 	C:\Windows\System32\gdi32full.dll
0x00007ffaa7f60000 - 0x00007ffaa7ffe000 	C:\Windows\System32\msvcp_win.dll
0x00007ffaa7370000 - 0x00007ffaa746a000 	C:\Windows\System32\ucrtbase.dll
0x00007ffa957e0000 - 0x00007ffa95a64000 	C:\Windows\WinSxS\amd64_microsoft.windows.common-controls_6595b64144ccf1df_6.0.18362.959_none_e6c7bbbf130c62bb\COMCTL32.dll
0x00007ffaa8570000 - 0x00007ffaa88a5000 	C:\Windows\System32\combase.dll
0x00007ffaa7720000 - 0x00007ffaa77a0000 	C:\Windows\System32\bcryptPrimitives.dll
0x00007ffaa9190000 - 0x00007ffaa91be000 	C:\Windows\System32\IMM32.DLL
0x0000000066b50000 - 0x0000000066c22000 	C:\Program Files\Android\Android Studio\jre\jre\bin\msvcr100.dll
0x0000000066c30000 - 0x000000006747b000 	C:\Program Files\Android\Android Studio\jre\jre\bin\server\jvm.dll
0x00007ffaa9160000 - 0x00007ffaa9168000 	C:\Windows\System32\PSAPI.DLL
0x00007ffa90f40000 - 0x00007ffa90f49000 	C:\Windows\SYSTEM32\WSOCK32.dll
0x00007ffaa9df0000 - 0x00007ffaa9e5f000 	C:\Windows\System32\WS2_32.dll
0x00007ffaa51c0000 - 0x00007ffaa51e4000 	C:\Windows\SYSTEM32\WINMM.dll
0x00007ffaa0d40000 - 0x00007ffaa0d4a000 	C:\Windows\SYSTEM32\VERSION.dll
0x00007ffaa5190000 - 0x00007ffaa51bd000 	C:\Windows\SYSTEM32\WINMMBASE.dll
0x00007ffaa8000000 - 0x00007ffaa804a000 	C:\Windows\System32\cfgmgr32.dll
0x00007ffa90f30000 - 0x00007ffa90f3f000 	C:\Program Files\Android\Android Studio\jre\jre\bin\verify.dll
0x00007ffa89790000 - 0x00007ffa897b9000 	C:\Program Files\Android\Android Studio\jre\jre\bin\java.dll
0x00007ffa89d80000 - 0x00007ffa89d96000 	C:\Program Files\Android\Android Studio\jre\jre\bin\zip.dll
0x00007ffaa9500000 - 0x00007ffaa9be6000 	C:\Windows\System32\SHELL32.dll
0x00007ffaa8b30000 - 0x00007ffaa8bd9000 	C:\Windows\System32\shcore.dll
0x00007ffaa77a0000 - 0x00007ffaa7f22000 	C:\Windows\System32\windows.storage.dll
0x00007ffaa70b0000 - 0x00007ffaa70d3000 	C:\Windows\System32\profapi.dll
0x00007ffaa7060000 - 0x00007ffaa70aa000 	C:\Windows\System32\powrprof.dll
0x00007ffaa7050000 - 0x00007ffaa7060000 	C:\Windows\System32\UMPDC.dll
0x00007ffaa9cc0000 - 0x00007ffaa9d12000 	C:\Windows\System32\shlwapi.dll
0x00007ffaa70e0000 - 0x00007ffaa70f1000 	C:\Windows\System32\kernel.appcore.dll
0x00007ffaa7320000 - 0x00007ffaa7337000 	C:\Windows\System32\cryptsp.dll
0x00007ffa89770000 - 0x00007ffa8978a000 	C:\Program Files\Android\Android Studio\jre\jre\bin\net.dll
0x00007ffaa6860000 - 0x00007ffaa68c7000 	C:\Windows\system32\mswsock.dll
0x00007ffa80c80000 - 0x00007ffa80c93000 	C:\Program Files\Android\Android Studio\jre\jre\bin\nio.dll
0x00007ffa983a0000 - 0x00007ffa983c6000 	C:\Users\admin\.gradle\native\31\windows-amd64\native-platform.dll
0x00007ffa8ec50000 - 0x00007ffa8ec5d000 	C:\Program Files\Android\Android Studio\jre\jre\bin\management.dll
0x00007ffaa63d0000 - 0x00007ffaa6403000 	C:\Windows\system32\rsaenh.dll
0x00007ffaa7f30000 - 0x00007ffaa7f56000 	C:\Windows\System32\bcrypt.dll
0x00007ffaa6f40000 - 0x00007ffaa6f65000 	C:\Windows\SYSTEM32\USERENV.dll
0x00007ffaa6a30000 - 0x00007ffaa6a3c000 	C:\Windows\SYSTEM32\CRYPTBASE.dll
0x00007ffaa6570000 - 0x00007ffaa65aa000 	C:\Windows\SYSTEM32\IPHLPAPI.DLL
0x00007ffaa93d0000 - 0x00007ffaa93d8000 	C:\Windows\System32\NSI.dll
0x00007ffaa0f80000 - 0x00007ffaa0f96000 	C:\Windows\SYSTEM32\dhcpcsvc6.DLL
0x00007ffaa0f50000 - 0x00007ffaa0f6c000 	C:\Windows\SYSTEM32\dhcpcsvc.DLL
0x00007ffaa65c0000 - 0x00007ffaa668b000 	C:\Windows\SYSTEM32\DNSAPI.dll

VM Arguments:
jvm_args: -Xmx2048m -Dfile.encoding=windows-1252 -Duser.country=US -Duser.language=en -Duser.variant 
java_command: org.gradle.launcher.daemon.bootstrap.GradleDaemon 6.1.1
java_class_path (initial): C:\Users\admin\.gradle\wrapper\dists\gradle-6.1.1-all\cfmwm155h49vnt3hynmlrsdst\gradle-6.1.1\lib\gradle-launcher-6.1.1.jar
Launcher Type: SUN_STANDARD

Environment Variables:
PATH=C:\ProgramData\Oracle\Java\javapath;C:\Windows\system32;C:\Windows;C:\Windows\System32\Wbem;C:\Windows\System32\WindowsPowerShell\v1.0\;C:\Windows\System32\OpenSSH\;C:\Program Files\Git\cmd;C:\Program Files\nodejs\;C:\Program Files (x86)\Yarn\bin\;C:\Users\admin\AppData\Local\Programs\Python\Python38-32\Scripts\;C:\Users\admin\AppData\Local\Programs\Python\Python38-32\;C:\Users\admin\AppData\Local\Microsoft\WindowsApps;C:\Users\admin\AppData\Roaming\npm;C:\Users\admin\AppData\Local\Yarn\bin;C:\Users\admin\AppData\Local\Programs\Microsoft VS Code\bin
USERNAME=admin
OS=Windows_NT
PROCESSOR_IDENTIFIER=Intel64 Family 6 Model 61 Stepping 4, GenuineIntel



---------------  S Y S T E M  ---------------

OS: Windows 10.0 , 64 bit Build 18362 (10.0.18362.959)

CPU:total 1 (initial active 1) (1 cores per cpu, 1 threads per core) family 6 model 61 stepping 4, cmov, cx8, fxsr, mmx, sse, sse2, sse3, ssse3, sse4.1, sse4.2, popcnt, avx, aes, clmul, 3dnowpref, lzcnt, tsc, tscinvbit

Memory: 4k page, physical 2096692k(205776k free), swap 3126500k(4104k free)

vm_info: OpenJDK 64-Bit Server VM (25.242-b01) for windows-amd64 JRE (1.8.0_242-release-1644-b01), built by "builder" with MS VC++ 10.0 (VS2010)

time: Sun Aug 02 00:28:41 2020
timezone: E. Africa Standard Time
elapsed time: 36 seconds (0d 0h 0m 36s)

